<?xml version="1.0" encoding="UTF-8"?>
<!-- Generated by org.testng.reporters.JUnitXMLReporter -->
<testsuite hostname="EN617282" ignored="0" name="validateTitle" tests="1" failures="1" timestamp="11 Apr 2019 12:38:33 GMT" time="5.754" errors="0">
  <testcase name="validateTitle" time="0.027" classname="Academy.validateTitle">
    <failure type="java.lang.AssertionError" message="expected [1111Madison Island] but found [Madison Island]">
      <![CDATA[java.lang.AssertionError: expected [1111Madison Island] but found [Madison Island]
	at Academy.validateTitle.validateTitle(validateTitle.java:41)
... Removed 35 stack frames]]>
    </failure>
  </testcase> <!-- validateTitle -->
</testsuite> <!-- validateTitle -->
